<?xml version="1.0" encoding="UTF-8"?>
<!-- Generated by org.testng.reporters.JUnitXMLReporter -->
<testsuite ignored="0" hostname="PCld-E-VM-Y017" failures="0" tests="7" name="Default test" time="0.289" errors="0" timestamp="2025-07-07T19:13:38 IST">
  <testcase classname="TestNgTutorials.DayThree" name="MobileLoginCarLoan" time="0.015"/>
  <testcase classname="TestNgTutorials.DayThree" name="MobileSignOutCarLoan" time="0.009"/>
  <testcase classname="TestNgTutorials.DayThree" name="MobileSignOutCarLoan" time="0.005"/>
  <testcase classname="TestNgTutorials.DayThree" name="MobileSignOutCarLoan" time="0.0"/>
  <testcase classname="TestNgTutorials.DayThree" name="MobileSignInLoan" time="0.005"/>
  <testcase classname="TestNgTutorials.DayThree" name="WebLoginCarLoan" time="0.005"/>
  <testcase classname="TestNgTutorials.DayThree" name="APILoginCarLoan" time="0.003"/>
</testsuite> <!-- Default test -->
