<?xml version="1.0" encoding="UTF-8"?>
<!-- Generated by org.testng.reporters.JUnitXMLReporter -->
<testsuite ignored="3" hostname="PCld-E-VM-Y017" failures="0" tests="2" name="Car Loan" time="0.025" errors="0" timestamp="2025-07-07T17:37:38 IST">
  <testcase classname="TestNgTutorials.DayThree" name="APILoginCarLoan" time="0.001"/>
  <testcase classname="TestNgTutorials.DayThree" name="WebLoginCarLoan" time="0.001"/>
  <testcase classname="TestNgTutorials.DayThree" name="MobileSignOutCarLoan" time="0.0">
    <ignored/>
  </testcase> <!-- MobileSignOutCarLoan -->
  <testcase classname="TestNgTutorials.DayThree" name="MobileLoginCarLoan" time="0.0">
    <ignored/>
  </testcase> <!-- MobileLoginCarLoan -->
  <testcase classname="TestNgTutorials.DayThree" name="MobileSignInLoan" time="0.0">
    <ignored/>
  </testcase> <!-- MobileSignInLoan -->
</testsuite> <!-- Car Loan -->
