<?xml version="1.0" encoding="UTF-8"?>
<!-- Generated by org.testng.reporters.JUnitXMLReporter -->
<testsuite ignored="7" hostname="PCld-E-VM-Y017" failures="0" tests="4" name="Personal Loan" time="0.178" errors="0" timestamp="2025-07-08T00:46:17 IST">
  <testcase classname="TestNgTutorials.DayOne" name="first" time="0.019"/>
  <testcase classname="TestNgTutorials.DayTwo" name="first" time="0.007"/>
  <testcase classname="TestNgTutorials.DayFour" name="MobileLoginHomeLoan" time="0.01"/>
  <testcase classname="TestNgTutorials.DayThree" name="WebLoginCarLoan" time="0.008"/>
  <testcase classname="TestNgTutorials.DayThree" name="MobileSignInLoan" time="0.0">
    <ignored/>
  </testcase> <!-- MobileSignInLoan -->
  <testcase classname="TestNgTutorials.DayThree" name="APILoginCarLoan" time="0.0">
    <ignored/>
  </testcase> <!-- APILoginCarLoan -->
  <testcase classname="TestNgTutorials.DayFour" name="WebLoginHomeLoan" time="0.0">
    <ignored/>
  </testcase> <!-- WebLoginHomeLoan -->
  <testcase classname="TestNgTutorials.DayThree" name="MobileSignOutCarLoan" time="0.0">
    <ignored/>
  </testcase> <!-- MobileSignOutCarLoan -->
  <testcase classname="TestNgTutorials.DayOne" name="firstDemo" time="0.0">
    <ignored/>
  </testcase> <!-- firstDemo -->
  <testcase classname="TestNgTutorials.DayFour" name="APILoginHomeLoan" time="0.0">
    <ignored/>
  </testcase> <!-- APILoginHomeLoan -->
  <testcase classname="TestNgTutorials.DayThree" name="MobileLoginCarLoan" time="0.0">
    <ignored/>
  </testcase> <!-- MobileLoginCarLoan -->
</testsuite> <!-- Personal Loan -->
