<?xml version="1.0" encoding="UTF-8"?>
<testng-results ignored="7" total="11" passed="4" failed="0" skipped="0">
  <reporter-output>
  </reporter-output>
  <suite started-at="2025-07-08T00:46:17 IST" name="Loan Department" finished-at="2025-07-08T00:46:17 IST" duration-ms="178">
    <groups>
      <group name="Smoke">
        <method signature="DayFour.MobileLoginHomeLoan(java.lang.String)[pri:0, instance:TestNgTutorials.DayFour@6743e411]" name="MobileLoginHomeLoan" class="TestNgTutorials.DayFour"/>
        <method signature="DayOne.first()[pri:0, instance:TestNgTutorials.DayOne@6989da5e]" name="first" class="TestNgTutorials.DayOne"/>
        <method signature="DayThree.WebLoginCarLoan()[pri:0, instance:TestNgTutorials.DayThree@77c2494c]" name="WebLoginCarLoan" class="TestNgTutorials.DayThree"/>
        <method signature="DayTwo.first()[pri:0, instance:TestNgTutorials.DayTwo@662ac478]" name="first" class="TestNgTutorials.DayTwo"/>
      </group> <!-- Smoke -->
    </groups>
    <test started-at="2025-07-08T00:46:17 IST" name="Personal Loan" finished-at="2025-07-08T00:46:17 IST" duration-ms="178">
      <class name="TestNgTutorials.DayOne">
        <test-method signature="first()[pri:0, instance:TestNgTutorials.DayOne@6989da5e]" started-at="2025-07-08T00:46:17 IST" name="first" finished-at="2025-07-08T00:46:17 IST" duration-ms="19" status="PASS">
          <reporter-output>
          </reporter-output>
        </test-method> <!-- first -->
      </class> <!-- TestNgTutorials.DayOne -->
      <class name="TestNgTutorials.DayThree">
        <test-method signature="WebLoginCarLoan()[pri:0, instance:TestNgTutorials.DayThree@77c2494c]" started-at="2025-07-08T00:46:17 IST" name="WebLoginCarLoan" finished-at="2025-07-08T00:46:17 IST" duration-ms="8" status="PASS">
          <reporter-output>
          </reporter-output>
        </test-method> <!-- WebLoginCarLoan -->
      </class> <!-- TestNgTutorials.DayThree -->
      <class name="TestNgTutorials.DayFour">
        <test-method signature="MobileLoginHomeLoan(java.lang.String)[pri:0, instance:TestNgTutorials.DayFour@6743e411]" started-at="2025-07-08T00:46:17 IST" name="MobileLoginHomeLoan" finished-at="2025-07-08T00:46:17 IST" duration-ms="10" status="PASS">
          <params>
            <param index="0">
              <value>
                <![CDATA[qaclickacademy.com]]>
              </value>
            </param>
          </params>
          <reporter-output>
          </reporter-output>
        </test-method> <!-- MobileLoginHomeLoan -->
      </class> <!-- TestNgTutorials.DayFour -->
      <class name="TestNgTutorials.DayTwo">
        <test-method signature="first()[pri:0, instance:TestNgTutorials.DayTwo@662ac478]" started-at="2025-07-08T00:46:17 IST" name="first" finished-at="2025-07-08T00:46:17 IST" duration-ms="7" status="PASS">
          <reporter-output>
          </reporter-output>
        </test-method> <!-- first -->
      </class> <!-- TestNgTutorials.DayTwo -->
    </test> <!-- Personal Loan -->
  </suite> <!-- Loan Department -->
</testng-results>
